<?xml version="1.0" encoding="UTF-8" ?>
<testsuite tests="2" failures="0" name="points.Point3DTest" time="0" errors="0" skipped="0">
  <properties>
    <property name="idea.version" value="2022.2.1"/>
    <property name="java.runtime.name" value="OpenJDK Runtime Environment"/>
    <property name="java.vm.version" value="18.0.2.1+1-1"/>
    <property name="sun.boot.library.path" value="C:\Users\minne\.jdks\openjdk-18.0.2.1\bin"/>
    <property name="maven.multiModuleProjectDirectory" value="C:\Users\minne\IdeaProjects\States"/>
    <property name="java.vm.vendor" value="Oracle Corporation"/>
    <property name="java.vendor.url" value="https://java.oracle.com/"/>
    <property name="guice.disable.misplaced.annotation.check" value="true"/>
    <property name="path.separator" value=";"/>
    <property name="java.vm.name" value="OpenJDK 64-Bit Server VM"/>
    <property name="sun.os.patch.level" value=""/>
    <property name="user.script" value=""/>
    <property name="user.country" value="RU"/>
    <property name="sun.java.launcher" value="SUN_STANDARD"/>
    <property name="java.vm.specification.name" value="Java Virtual Machine Specification"/>
    <property name="user.dir" value="C:\Users\minne\IdeaProjects\States"/>
    <property name="java.vm.compressedOopsMode" value="32-bit"/>
    <property name="java.runtime.version" value="18.0.2.1+1-1"/>
    <property name="os.arch" value="amd64"/>
    <property name="java.io.tmpdir" value="C:\Users\minne\AppData\Local\Temp\"/>
    <property name="line.separator" value="
"/>
    <property name="java.vm.specification.vendor" value="Oracle Corporation"/>
    <property name="user.variant" value=""/>
    <property name="os.name" value="Windows 11"/>
    <property name="maven.ext.class.path" value="C:\Users\minne\AppData\Local\JetBrains\Toolbox\apps\IDEA-C\ch-0\222.3739.54\plugins\maven\lib\maven-event-listener.jar"/>
    <property name="classworlds.conf" value="D:\maven\bin\m2.conf"/>
    <property name="sun.jnu.encoding" value="Cp1251"/>
    <property name="java.library.path" value="C:\Users\minne\.jdks\openjdk-18.0.2.1\bin;C:\WINDOWS\Sun\Java\bin;C:\WINDOWS\system32;C:\WINDOWS;C:\Program Files\Common Files\Oracle\Java\javapath;C:\WINDOWS\system32;C:\WINDOWS;C:\WINDOWS\System32\Wbem;C:\WINDOWS\System32\WindowsPowerShell\v1.0\;C:\WINDOWS\System32\OpenSSH\;C:\Program Files\Microsoft SQL Server\Client SDK\ODBC\170\Tools\Binn\;C:\Program Files (x86)\Microsoft SQL Server\150\Tools\Binn\;C:\Program Files\Microsoft SQL Server\150\Tools\Binn\;C:\Program Files\Microsoft SQL Server\150\DTS\Binn\;C:\Program Files\Microsoft SQL Server\130\Tools\Binn\;C:\Program Files\dotnet\;C:\Program Files\Git\cmd;C:\Program Files (x86)\Microchip\MPLAB C32 Suite\bin;D:\Avr\MPLAB C32 Suite\bin;C:\Program Files\Cloudflare\Cloudflare WARP\;D:\PostgreSQL\bin;C:\Users\minne\AppData\Local\Programs\Python\Python39\Scripts\;C:\Users\minne\AppData\Local\Programs\Python\Python39\;C:\Users\minne\AppData\Local\Microsoft\WindowsApps;D:\JetBrains Rider 2021.1.2\bin;C:\Users\minne\.dotnet\tools;C:\Users\minne\AppData\Local\Programs\MiKTeX\miktex\bin\x64\;C:\Users\minne\AppData\Local\GitHubDesktop\bin;D:\Microsoft VS Code\bin;C:\Users\minne\AppData\Local\JetBrains\Toolbox\scripts;D:\maven\bin\;C:\Users\minne\.dotnet\tools;."/>
    <property name="maven.conf" value="D:\maven/conf"/>
    <property name="jdk.debug" value="release"/>
    <property name="java.class.version" value="62.0"/>
    <property name="java.specification.name" value="Java Platform API Specification"/>
    <property name="sun.management.compiler" value="HotSpot 64-Bit Tiered Compilers"/>
    <property name="maven.repo.local" value="D:\maven\repository"/>
    <property name="os.version" value="10.0"/>
    <property name="user.home" value="C:\Users\minne"/>
    <property name="user.timezone" value="Europe/Moscow"/>
    <property name="file.encoding" value="UTF-8"/>
    <property name="java.specification.version" value="18"/>
    <property name="user.name" value="Timur"/>
    <property name="java.class.path" value="D:\maven\boot\plexus-classworlds-2.6.0.jar;D:\maven\boot\plexus-classworlds.license"/>
    <property name="java.vm.specification.version" value="18"/>
    <property name="sun.arch.data.model" value="64"/>
    <property name="sun.java.command" value="org.codehaus.classworlds.Launcher -Didea.version=2022.2.1 -s D:\maven\conf\settings.xml -Dmaven.repo.local=D:\maven\repository deploy"/>
    <property name="java.home" value="C:\Users\minne\.jdks\openjdk-18.0.2.1"/>
    <property name="user.language" value="ru"/>
    <property name="java.specification.vendor" value="Oracle Corporation"/>
    <property name="java.vm.info" value="mixed mode, sharing"/>
    <property name="java.version" value="18.0.2.1"/>
    <property name="native.encoding" value="Cp1251"/>
    <property name="java.vendor" value="Oracle Corporation"/>
    <property name="sun.stderr.encoding" value="UTF-8"/>
    <property name="maven.home" value="D:\maven"/>
    <property name="file.separator" value="\"/>
    <property name="java.version.date" value="2022-08-18"/>
    <property name="java.vendor.url.bug" value="https://bugreport.java.com/bugreport/"/>
    <property name="sun.io.unicode.encoding" value="UnicodeLittle"/>
    <property name="sun.cpu.endian" value="little"/>
    <property name="sun.stdout.encoding" value="UTF-8"/>
    <property name="sun.cpu.isalist" value="amd64"/>
  </properties>
  <testcase classname="points.Point3DTest" name="points.Point3DTest.testMix_prod" time="0"/>
  <testcase classname="points.Point3DTest" name="points.Point3DTest.testCross_prod" time="0"/>
</testsuite>